<?xml version="1.0" encoding="UTF-8"?>
<testsuite xmlns:xsi="http://www.w3.org/2001/XMLSchema-instance" xsi:noNamespaceSchemaLocation="https://maven.apache.org/surefire/maven-surefire-plugin/xsd/surefire-test-report.xsd" name="cn.zhangyou705.wechatlove.controller.WeChatPushControllerTest" time="3.246" tests="1" errors="0" skipped="0" failures="0">
  <properties>
    <property name="java.specification.version" value="20"/>
    <property name="sun.cpu.isalist" value="amd64"/>
    <property name="sun.jnu.encoding" value="GBK"/>
    <property name="java.class.path" value="D:\自学\wechat-love-master\target\test-classes;D:\自学\wechat-love-master\target\classes;C:\Program Files\maven-repository\org\springframework\boot\spring-boot-starter-web\2.7.2\spring-boot-starter-web-2.7.2.jar;C:\Program Files\maven-repository\org\springframework\boot\spring-boot-starter\2.7.2\spring-boot-starter-2.7.2.jar;C:\Program Files\maven-repository\org\springframework\boot\spring-boot\2.7.2\spring-boot-2.7.2.jar;C:\Program Files\maven-repository\org\springframework\boot\spring-boot-autoconfigure\2.7.2\spring-boot-autoconfigure-2.7.2.jar;C:\Program Files\maven-repository\org\springframework\boot\spring-boot-starter-logging\2.7.2\spring-boot-starter-logging-2.7.2.jar;C:\Program Files\maven-repository\ch\qos\logback\logback-classic\1.2.11\logback-classic-1.2.11.jar;C:\Program Files\maven-repository\ch\qos\logback\logback-core\1.2.11\logback-core-1.2.11.jar;C:\Program Files\maven-repository\org\apache\logging\log4j\log4j-to-slf4j\2.17.2\log4j-to-slf4j-2.17.2.jar;C:\Program Files\maven-repository\org\apache\logging\log4j\log4j-api\2.17.2\log4j-api-2.17.2.jar;C:\Program Files\maven-repository\org\slf4j\jul-to-slf4j\1.7.36\jul-to-slf4j-1.7.36.jar;C:\Program Files\maven-repository\jakarta\annotation\jakarta.annotation-api\1.3.5\jakarta.annotation-api-1.3.5.jar;C:\Program Files\maven-repository\org\yaml\snakeyaml\1.30\snakeyaml-1.30.jar;C:\Program Files\maven-repository\org\springframework\boot\spring-boot-starter-json\2.7.2\spring-boot-starter-json-2.7.2.jar;C:\Program Files\maven-repository\com\fasterxml\jackson\core\jackson-databind\2.13.3\jackson-databind-2.13.3.jar;C:\Program Files\maven-repository\com\fasterxml\jackson\core\jackson-annotations\2.13.3\jackson-annotations-2.13.3.jar;C:\Program Files\maven-repository\com\fasterxml\jackson\core\jackson-core\2.13.3\jackson-core-2.13.3.jar;C:\Program Files\maven-repository\com\fasterxml\jackson\datatype\jackson-datatype-jdk8\2.13.3\jackson-datatype-jdk8-2.13.3.jar;C:\Program Files\maven-repository\com\fasterxml\jackson\datatype\jackson-datatype-jsr310\2.13.3\jackson-datatype-jsr310-2.13.3.jar;C:\Program Files\maven-repository\com\fasterxml\jackson\module\jackson-module-parameter-names\2.13.3\jackson-module-parameter-names-2.13.3.jar;C:\Program Files\maven-repository\org\springframework\boot\spring-boot-starter-tomcat\2.7.2\spring-boot-starter-tomcat-2.7.2.jar;C:\Program Files\maven-repository\org\apache\tomcat\embed\tomcat-embed-core\9.0.65\tomcat-embed-core-9.0.65.jar;C:\Program Files\maven-repository\org\apache\tomcat\embed\tomcat-embed-el\9.0.65\tomcat-embed-el-9.0.65.jar;C:\Program Files\maven-repository\org\apache\tomcat\embed\tomcat-embed-websocket\9.0.65\tomcat-embed-websocket-9.0.65.jar;C:\Program Files\maven-repository\org\springframework\spring-web\5.3.22\spring-web-5.3.22.jar;C:\Program Files\maven-repository\org\springframework\spring-beans\5.3.22\spring-beans-5.3.22.jar;C:\Program Files\maven-repository\org\springframework\spring-webmvc\5.3.22\spring-webmvc-5.3.22.jar;C:\Program Files\maven-repository\org\springframework\spring-aop\5.3.22\spring-aop-5.3.22.jar;C:\Program Files\maven-repository\org\springframework\spring-context\5.3.22\spring-context-5.3.22.jar;C:\Program Files\maven-repository\org\springframework\spring-expression\5.3.22\spring-expression-5.3.22.jar;C:\Program Files\maven-repository\org\springframework\boot\spring-boot-starter-test\2.7.2\spring-boot-starter-test-2.7.2.jar;C:\Program Files\maven-repository\org\springframework\boot\spring-boot-test\2.7.2\spring-boot-test-2.7.2.jar;C:\Program Files\maven-repository\org\springframework\boot\spring-boot-test-autoconfigure\2.7.2\spring-boot-test-autoconfigure-2.7.2.jar;C:\Program Files\maven-repository\com\jayway\jsonpath\json-path\2.7.0\json-path-2.7.0.jar;C:\Program Files\maven-repository\net\minidev\json-smart\2.4.8\json-smart-2.4.8.jar;C:\Program Files\maven-repository\net\minidev\accessors-smart\2.4.8\accessors-smart-2.4.8.jar;C:\Program Files\maven-repository\org\ow2\asm\asm\9.1\asm-9.1.jar;C:\Program Files\maven-repository\org\slf4j\slf4j-api\1.7.36\slf4j-api-1.7.36.jar;C:\Program Files\maven-repository\jakarta\xml\bind\jakarta.xml.bind-api\2.3.3\jakarta.xml.bind-api-2.3.3.jar;C:\Program Files\maven-repository\jakarta\activation\jakarta.activation-api\1.2.2\jakarta.activation-api-1.2.2.jar;C:\Program Files\maven-repository\org\assertj\assertj-core\3.22.0\assertj-core-3.22.0.jar;C:\Program Files\maven-repository\org\hamcrest\hamcrest\2.2\hamcrest-2.2.jar;C:\Program Files\maven-repository\org\junit\jupiter\junit-jupiter\5.8.2\junit-jupiter-5.8.2.jar;C:\Program Files\maven-repository\org\junit\jupiter\junit-jupiter-api\5.8.2\junit-jupiter-api-5.8.2.jar;C:\Program Files\maven-repository\org\opentest4j\opentest4j\1.2.0\opentest4j-1.2.0.jar;C:\Program Files\maven-repository\org\junit\platform\junit-platform-commons\1.8.2\junit-platform-commons-1.8.2.jar;C:\Program Files\maven-repository\org\apiguardian\apiguardian-api\1.1.2\apiguardian-api-1.1.2.jar;C:\Program Files\maven-repository\org\junit\jupiter\junit-jupiter-params\5.8.2\junit-jupiter-params-5.8.2.jar;C:\Program Files\maven-repository\org\junit\jupiter\junit-jupiter-engine\5.8.2\junit-jupiter-engine-5.8.2.jar;C:\Program Files\maven-repository\org\junit\platform\junit-platform-engine\1.8.2\junit-platform-engine-1.8.2.jar;C:\Program Files\maven-repository\org\mockito\mockito-core\4.5.1\mockito-core-4.5.1.jar;C:\Program Files\maven-repository\net\bytebuddy\byte-buddy\1.12.12\byte-buddy-1.12.12.jar;C:\Program Files\maven-repository\net\bytebuddy\byte-buddy-agent\1.12.12\byte-buddy-agent-1.12.12.jar;C:\Program Files\maven-repository\org\objenesis\objenesis\3.2\objenesis-3.2.jar;C:\Program Files\maven-repository\org\mockito\mockito-junit-jupiter\4.5.1\mockito-junit-jupiter-4.5.1.jar;C:\Program Files\maven-repository\org\skyscreamer\jsonassert\1.5.1\jsonassert-1.5.1.jar;C:\Program Files\maven-repository\com\vaadin\external\google\android-json\0.0.20131108.vaadin1\android-json-0.0.20131108.vaadin1.jar;C:\Program Files\maven-repository\org\springframework\spring-core\5.3.22\spring-core-5.3.22.jar;C:\Program Files\maven-repository\org\springframework\spring-jcl\5.3.22\spring-jcl-5.3.22.jar;C:\Program Files\maven-repository\org\springframework\spring-test\5.3.22\spring-test-5.3.22.jar;C:\Program Files\maven-repository\org\xmlunit\xmlunit-core\2.9.0\xmlunit-core-2.9.0.jar;C:\Program Files\maven-repository\com\github\binarywang\weixin-java-mp\3.3.0\weixin-java-mp-3.3.0.jar;C:\Program Files\maven-repository\com\github\binarywang\weixin-java-common\3.3.0\weixin-java-common-3.3.0.jar;C:\Program Files\maven-repository\com\thoughtworks\xstream\xstream\1.4.10\xstream-1.4.10.jar;C:\Program Files\maven-repository\xmlpull\xmlpull\1.1.3.1\xmlpull-1.1.3.1.jar;C:\Program Files\maven-repository\xpp3\xpp3_min\1.1.4c\xpp3_min-1.1.4c.jar;C:\Program Files\maven-repository\org\apache\httpcomponents\httpclient\4.5.13\httpclient-4.5.13.jar;C:\Program Files\maven-repository\org\apache\httpcomponents\httpcore\4.4.15\httpcore-4.4.15.jar;C:\Program Files\maven-repository\org\apache\httpcomponents\httpmime\4.5.13\httpmime-4.5.13.jar;C:\Program Files\maven-repository\org\slf4j\jcl-over-slf4j\1.7.36\jcl-over-slf4j-1.7.36.jar;C:\Program Files\maven-repository\com\google\code\gson\gson\2.9.0\gson-2.9.0.jar;C:\Program Files\maven-repository\commons-codec\commons-codec\1.15\commons-codec-1.15.jar;C:\Program Files\maven-repository\commons-io\commons-io\2.5\commons-io-2.5.jar;C:\Program Files\maven-repository\org\apache\commons\commons-lang3\3.12.0\commons-lang3-3.12.0.jar;C:\Program Files\maven-repository\com\google\guava\guava\20.0\guava-20.0.jar;C:\Program Files\maven-repository\org\dom4j\dom4j\2.0.0\dom4j-2.0.0.jar;C:\Program Files\maven-repository\jaxen\jaxen\1.2.0\jaxen-1.2.0.jar;C:\Program Files\maven-repository\com\alibaba\fastjson\1.2.83\fastjson-1.2.83.jar;C:\Program Files\maven-repository\cn\hutool\hutool-all\5.3.3\hutool-all-5.3.3.jar;C:\Program Files\maven-repository\org\projectlombok\lombok\1.18.10\lombok-1.18.10.jar;"/>
    <property name="java.vm.vendor" value="Amazon.com Inc."/>
    <property name="sun.arch.data.model" value="64"/>
    <property name="user.variant" value=""/>
    <property name="java.vendor.url" value="https://aws.amazon.com/corretto/"/>
    <property name="user.timezone" value="Asia/Shanghai"/>
    <property name="os.name" value="Windows 11"/>
    <property name="java.vm.specification.version" value="20"/>
    <property name="sun.java.launcher" value="SUN_STANDARD"/>
    <property name="user.country" value="CN"/>
    <property name="sun.boot.library.path" value="C:\Users\Lowoven\.jdks\corretto-20.0.2.1\bin"/>
    <property name="sun.java.command" value="C:\Users\Lowoven\AppData\Local\Temp\surefire7620675558630700100\surefirebooter3925305497201519556.jar C:\Users\Lowoven\AppData\Local\Temp\surefire7620675558630700100 2024-04-28T18-57-49_617-jvmRun1 surefire16463305440533460342tmp surefire_06207456072683450715tmp"/>
    <property name="jdk.debug" value="release"/>
    <property name="surefire.test.class.path" value="D:\自学\wechat-love-master\target\test-classes;D:\自学\wechat-love-master\target\classes;C:\Program Files\maven-repository\org\springframework\boot\spring-boot-starter-web\2.7.2\spring-boot-starter-web-2.7.2.jar;C:\Program Files\maven-repository\org\springframework\boot\spring-boot-starter\2.7.2\spring-boot-starter-2.7.2.jar;C:\Program Files\maven-repository\org\springframework\boot\spring-boot\2.7.2\spring-boot-2.7.2.jar;C:\Program Files\maven-repository\org\springframework\boot\spring-boot-autoconfigure\2.7.2\spring-boot-autoconfigure-2.7.2.jar;C:\Program Files\maven-repository\org\springframework\boot\spring-boot-starter-logging\2.7.2\spring-boot-starter-logging-2.7.2.jar;C:\Program Files\maven-repository\ch\qos\logback\logback-classic\1.2.11\logback-classic-1.2.11.jar;C:\Program Files\maven-repository\ch\qos\logback\logback-core\1.2.11\logback-core-1.2.11.jar;C:\Program Files\maven-repository\org\apache\logging\log4j\log4j-to-slf4j\2.17.2\log4j-to-slf4j-2.17.2.jar;C:\Program Files\maven-repository\org\apache\logging\log4j\log4j-api\2.17.2\log4j-api-2.17.2.jar;C:\Program Files\maven-repository\org\slf4j\jul-to-slf4j\1.7.36\jul-to-slf4j-1.7.36.jar;C:\Program Files\maven-repository\jakarta\annotation\jakarta.annotation-api\1.3.5\jakarta.annotation-api-1.3.5.jar;C:\Program Files\maven-repository\org\yaml\snakeyaml\1.30\snakeyaml-1.30.jar;C:\Program Files\maven-repository\org\springframework\boot\spring-boot-starter-json\2.7.2\spring-boot-starter-json-2.7.2.jar;C:\Program Files\maven-repository\com\fasterxml\jackson\core\jackson-databind\2.13.3\jackson-databind-2.13.3.jar;C:\Program Files\maven-repository\com\fasterxml\jackson\core\jackson-annotations\2.13.3\jackson-annotations-2.13.3.jar;C:\Program Files\maven-repository\com\fasterxml\jackson\core\jackson-core\2.13.3\jackson-core-2.13.3.jar;C:\Program Files\maven-repository\com\fasterxml\jackson\datatype\jackson-datatype-jdk8\2.13.3\jackson-datatype-jdk8-2.13.3.jar;C:\Program Files\maven-repository\com\fasterxml\jackson\datatype\jackson-datatype-jsr310\2.13.3\jackson-datatype-jsr310-2.13.3.jar;C:\Program Files\maven-repository\com\fasterxml\jackson\module\jackson-module-parameter-names\2.13.3\jackson-module-parameter-names-2.13.3.jar;C:\Program Files\maven-repository\org\springframework\boot\spring-boot-starter-tomcat\2.7.2\spring-boot-starter-tomcat-2.7.2.jar;C:\Program Files\maven-repository\org\apache\tomcat\embed\tomcat-embed-core\9.0.65\tomcat-embed-core-9.0.65.jar;C:\Program Files\maven-repository\org\apache\tomcat\embed\tomcat-embed-el\9.0.65\tomcat-embed-el-9.0.65.jar;C:\Program Files\maven-repository\org\apache\tomcat\embed\tomcat-embed-websocket\9.0.65\tomcat-embed-websocket-9.0.65.jar;C:\Program Files\maven-repository\org\springframework\spring-web\5.3.22\spring-web-5.3.22.jar;C:\Program Files\maven-repository\org\springframework\spring-beans\5.3.22\spring-beans-5.3.22.jar;C:\Program Files\maven-repository\org\springframework\spring-webmvc\5.3.22\spring-webmvc-5.3.22.jar;C:\Program Files\maven-repository\org\springframework\spring-aop\5.3.22\spring-aop-5.3.22.jar;C:\Program Files\maven-repository\org\springframework\spring-context\5.3.22\spring-context-5.3.22.jar;C:\Program Files\maven-repository\org\springframework\spring-expression\5.3.22\spring-expression-5.3.22.jar;C:\Program Files\maven-repository\org\springframework\boot\spring-boot-starter-test\2.7.2\spring-boot-starter-test-2.7.2.jar;C:\Program Files\maven-repository\org\springframework\boot\spring-boot-test\2.7.2\spring-boot-test-2.7.2.jar;C:\Program Files\maven-repository\org\springframework\boot\spring-boot-test-autoconfigure\2.7.2\spring-boot-test-autoconfigure-2.7.2.jar;C:\Program Files\maven-repository\com\jayway\jsonpath\json-path\2.7.0\json-path-2.7.0.jar;C:\Program Files\maven-repository\net\minidev\json-smart\2.4.8\json-smart-2.4.8.jar;C:\Program Files\maven-repository\net\minidev\accessors-smart\2.4.8\accessors-smart-2.4.8.jar;C:\Program Files\maven-repository\org\ow2\asm\asm\9.1\asm-9.1.jar;C:\Program Files\maven-repository\org\slf4j\slf4j-api\1.7.36\slf4j-api-1.7.36.jar;C:\Program Files\maven-repository\jakarta\xml\bind\jakarta.xml.bind-api\2.3.3\jakarta.xml.bind-api-2.3.3.jar;C:\Program Files\maven-repository\jakarta\activation\jakarta.activation-api\1.2.2\jakarta.activation-api-1.2.2.jar;C:\Program Files\maven-repository\org\assertj\assertj-core\3.22.0\assertj-core-3.22.0.jar;C:\Program Files\maven-repository\org\hamcrest\hamcrest\2.2\hamcrest-2.2.jar;C:\Program Files\maven-repository\org\junit\jupiter\junit-jupiter\5.8.2\junit-jupiter-5.8.2.jar;C:\Program Files\maven-repository\org\junit\jupiter\junit-jupiter-api\5.8.2\junit-jupiter-api-5.8.2.jar;C:\Program Files\maven-repository\org\opentest4j\opentest4j\1.2.0\opentest4j-1.2.0.jar;C:\Program Files\maven-repository\org\junit\platform\junit-platform-commons\1.8.2\junit-platform-commons-1.8.2.jar;C:\Program Files\maven-repository\org\apiguardian\apiguardian-api\1.1.2\apiguardian-api-1.1.2.jar;C:\Program Files\maven-repository\org\junit\jupiter\junit-jupiter-params\5.8.2\junit-jupiter-params-5.8.2.jar;C:\Program Files\maven-repository\org\junit\jupiter\junit-jupiter-engine\5.8.2\junit-jupiter-engine-5.8.2.jar;C:\Program Files\maven-repository\org\junit\platform\junit-platform-engine\1.8.2\junit-platform-engine-1.8.2.jar;C:\Program Files\maven-repository\org\mockito\mockito-core\4.5.1\mockito-core-4.5.1.jar;C:\Program Files\maven-repository\net\bytebuddy\byte-buddy\1.12.12\byte-buddy-1.12.12.jar;C:\Program Files\maven-repository\net\bytebuddy\byte-buddy-agent\1.12.12\byte-buddy-agent-1.12.12.jar;C:\Program Files\maven-repository\org\objenesis\objenesis\3.2\objenesis-3.2.jar;C:\Program Files\maven-repository\org\mockito\mockito-junit-jupiter\4.5.1\mockito-junit-jupiter-4.5.1.jar;C:\Program Files\maven-repository\org\skyscreamer\jsonassert\1.5.1\jsonassert-1.5.1.jar;C:\Program Files\maven-repository\com\vaadin\external\google\android-json\0.0.20131108.vaadin1\android-json-0.0.20131108.vaadin1.jar;C:\Program Files\maven-repository\org\springframework\spring-core\5.3.22\spring-core-5.3.22.jar;C:\Program Files\maven-repository\org\springframework\spring-jcl\5.3.22\spring-jcl-5.3.22.jar;C:\Program Files\maven-repository\org\springframework\spring-test\5.3.22\spring-test-5.3.22.jar;C:\Program Files\maven-repository\org\xmlunit\xmlunit-core\2.9.0\xmlunit-core-2.9.0.jar;C:\Program Files\maven-repository\com\github\binarywang\weixin-java-mp\3.3.0\weixin-java-mp-3.3.0.jar;C:\Program Files\maven-repository\com\github\binarywang\weixin-java-common\3.3.0\weixin-java-common-3.3.0.jar;C:\Program Files\maven-repository\com\thoughtworks\xstream\xstream\1.4.10\xstream-1.4.10.jar;C:\Program Files\maven-repository\xmlpull\xmlpull\1.1.3.1\xmlpull-1.1.3.1.jar;C:\Program Files\maven-repository\xpp3\xpp3_min\1.1.4c\xpp3_min-1.1.4c.jar;C:\Program Files\maven-repository\org\apache\httpcomponents\httpclient\4.5.13\httpclient-4.5.13.jar;C:\Program Files\maven-repository\org\apache\httpcomponents\httpcore\4.4.15\httpcore-4.4.15.jar;C:\Program Files\maven-repository\org\apache\httpcomponents\httpmime\4.5.13\httpmime-4.5.13.jar;C:\Program Files\maven-repository\org\slf4j\jcl-over-slf4j\1.7.36\jcl-over-slf4j-1.7.36.jar;C:\Program Files\maven-repository\com\google\code\gson\gson\2.9.0\gson-2.9.0.jar;C:\Program Files\maven-repository\commons-codec\commons-codec\1.15\commons-codec-1.15.jar;C:\Program Files\maven-repository\commons-io\commons-io\2.5\commons-io-2.5.jar;C:\Program Files\maven-repository\org\apache\commons\commons-lang3\3.12.0\commons-lang3-3.12.0.jar;C:\Program Files\maven-repository\com\google\guava\guava\20.0\guava-20.0.jar;C:\Program Files\maven-repository\org\dom4j\dom4j\2.0.0\dom4j-2.0.0.jar;C:\Program Files\maven-repository\jaxen\jaxen\1.2.0\jaxen-1.2.0.jar;C:\Program Files\maven-repository\com\alibaba\fastjson\1.2.83\fastjson-1.2.83.jar;C:\Program Files\maven-repository\cn\hutool\hutool-all\5.3.3\hutool-all-5.3.3.jar;C:\Program Files\maven-repository\org\projectlombok\lombok\1.18.10\lombok-1.18.10.jar;"/>
    <property name="sun.cpu.endian" value="little"/>
    <property name="user.home" value="C:\Users\Lowoven"/>
    <property name="user.language" value="zh"/>
    <property name="java.specification.vendor" value="Oracle Corporation"/>
    <property name="java.version.date" value="2023-08-22"/>
    <property name="java.home" value="C:\Users\Lowoven\.jdks\corretto-20.0.2.1"/>
    <property name="file.separator" value="\"/>
    <property name="basedir" value="D:\自学\wechat-love-master"/>
    <property name="java.vm.compressedOopsMode" value="Zero based"/>
    <property name="line.separator" value="&#10;"/>
    <property name="java.vm.specification.vendor" value="Oracle Corporation"/>
    <property name="java.specification.name" value="Java Platform API Specification"/>
    <property name="surefire.real.class.path" value="C:\Users\Lowoven\AppData\Local\Temp\surefire7620675558630700100\surefirebooter3925305497201519556.jar"/>
    <property name="user.script" value=""/>
    <property name="sun.management.compiler" value="HotSpot 64-Bit Tiered Compilers"/>
    <property name="java.runtime.version" value="20.0.2.1+10-FR"/>
    <property name="user.name" value="Lowoven"/>
    <property name="stdout.encoding" value="GBK"/>
    <property name="path.separator" value=";"/>
    <property name="os.version" value="10.0"/>
    <property name="java.runtime.name" value="OpenJDK Runtime Environment"/>
    <property name="file.encoding" value="UTF-8"/>
    <property name="java.vm.name" value="OpenJDK 64-Bit Server VM"/>
    <property name="java.vendor.version" value="Corretto-20.0.2.10.1"/>
    <property name="localRepository" value="C:\Program Files\maven-repository"/>
    <property name="java.vendor.url.bug" value="https://github.com/corretto/corretto-20/issues/"/>
    <property name="java.io.tmpdir" value="C:\Users\Lowoven\AppData\Local\Temp\"/>
    <property name="idea.version" value="2023.2.2"/>
    <property name="java.version" value="20.0.2.1"/>
    <property name="user.dir" value="D:\自学\wechat-love-master"/>
    <property name="os.arch" value="amd64"/>
    <property name="java.vm.specification.name" value="Java Virtual Machine Specification"/>
    <property name="sun.os.patch.level" value=""/>
    <property name="native.encoding" value="GBK"/>
    <property name="java.library.path" value="C:\Users\Lowoven\.jdks\corretto-20.0.2.1\bin;C:\WINDOWS\Sun\Java\bin;C:\WINDOWS\system32;C:\WINDOWS;C:\Program Files (x86)\Common Files\Intel\Shared Libraries\redist\intel64\compiler;C:\Program Files\Python311\;C:\ProgramData\Oracle\Java\javapath;C:\WINDOWS\system32;C:\WINDOWS;C:\WINDOWS\System32\Wbem;C:\WINDOWS\System32\WindowsPowerShell\v1.0\;C:\WINDOWS\System32\OpenSSH\;C:\Users\Administrator\AppData\Local\Microsoft\WindowsApps;C:\Recovery\OEM\Backup\;C:\Program Files (x86)\NVIDIA Corporation\PhysX\Common;C:\Program Files\NVIDIA Corporation\NVIDIA NvDLISR;&quot;C:\Program Files\Java\jdk1.8.0_77\bin;C:\Program Files\Java\jdk1.8.0_77\jre\bin&quot;;C:\Program Files\Microsoft VS Code\bin;C:\Program Files\MySQL\MySQL Server 8.0\bin;D:\Git\cmd;C:\WINDOWS\system32;C:\WINDOWS;C:\WINDOWS\System32\Wbem;C:\WINDOWS\System32\WindowsPowerShell\v1.0\;C:\WINDOWS\System32\OpenSSH\;C:\Program Files\Apache Software Foundation\Tomcat 8.5\bin;C:\Program Files\apache-tomcat-9.0.74\bin;C:\Program Files\apache-maven-3.6.0\bin;C:\Program Files\Python311\Scripts;C:\Program Files\nodejs\;C:\Program Files\nodejs\node_global;C:\Program Files\nodejs\node_cache;C:\Users\Lowoven\AppData\Local\Android\Sdk\platform-tools;C:\Users\Lowoven\AppData\Local\Android\Sdk\emulator;C:\Users\Lowoven\AppData\Local\Android\Sdk\build-tools;C:\Users\Lowoven\AppData\Roaming\Python\Python311\Scripts;C:\Users\Lowoven\AppData\Local\Microsoft\WindowsApps;C:\Users\Lowoven\AppData\Local\Programs\Microsoft VS Code\bin;C:\Program Files\JetBrains\IntelliJ IDEA 2023.2.2\bin;;C:\Program Files (x86)\Tencent\QQGameTempest\Hall.57702\;C:\Program Files\JetBrains\WebStorm 2023.3.1\bin;;C:\Users\Lowoven\AppData\Roaming\npm;."/>
    <property name="java.vm.info" value="mixed mode, sharing"/>
    <property name="stderr.encoding" value="GBK"/>
    <property name="java.vendor" value="Amazon.com Inc."/>
    <property name="java.vm.version" value="20.0.2.1+10-FR"/>
    <property name="sun.io.unicode.encoding" value="UnicodeLittle"/>
    <property name="java.class.version" value="64.0"/>
  </properties>
  <testcase name="push" classname="cn.zhangyou705.wechatlove.controller.WeChatPushControllerTest" time="1.662"/>
</testsuite>